2019-11-12 11:12:15,844 p=29136 u=vagrant |  PLAY [redhat_servers] ************************************************************************************************************************************************************************
2019-11-12 11:12:16,081 p=29136 u=vagrant |  TASK [Gathering Facts] ***********************************************************************************************************************************************************************
2019-11-12 11:13:10,957 p=29136 u=vagrant |  ok: [centoslocal]
2019-11-12 11:13:11,312 p=29136 u=vagrant |  TASK [epel : Install EPEL Repo] **************************************************************************************************************************************************************
2019-11-12 11:14:12,374 p=29136 u=vagrant |  changed: [centoslocal]
2019-11-12 11:14:12,770 p=29136 u=vagrant |  TASK [nginx : Install Nginx Web Server on RedHat Family] *************************************************************************************************************************************
2019-11-12 11:17:52,213 p=29136 u=vagrant |  changed: [centoslocal]
2019-11-12 11:17:52,629 p=29136 u=vagrant |  TASK [nginx : Install Nginx Web Server on Debian Family] *************************************************************************************************************************************
2019-11-12 11:17:52,915 p=29136 u=vagrant |  skipping: [centoslocal]
2019-11-12 11:17:53,345 p=29136 u=vagrant |  TASK [nginx : Replace nginx.conf] ************************************************************************************************************************************************************
2019-11-12 11:18:14,965 p=29136 u=vagrant |  changed: [centoslocal]
2019-11-12 11:18:14,969 p=29136 u=vagrant |  RUNNING HANDLER [nginx : nginx systemd] ******************************************************************************************************************************************************
2019-11-12 11:18:59,323 p=29136 u=vagrant |  changed: [centoslocal]
2019-11-12 11:18:59,519 p=29136 u=vagrant |  PLAY [debian_servers] ************************************************************************************************************************************************************************
2019-11-12 11:18:59,695 p=29136 u=vagrant |  TASK [Gathering Facts] ***********************************************************************************************************************************************************************
2019-11-12 11:19:12,617 p=29136 u=vagrant |  ok: [debianlocal]
2019-11-12 11:19:13,115 p=29136 u=vagrant |  TASK [nginx : Install Nginx Web Server on RedHat Family] *************************************************************************************************************************************
2019-11-12 11:19:13,406 p=29136 u=vagrant |  skipping: [debianlocal]
2019-11-12 11:19:13,832 p=29136 u=vagrant |  TASK [nginx : Install Nginx Web Server on Debian Family] *************************************************************************************************************************************
2019-11-12 11:21:00,434 p=29136 u=vagrant |   [WARNING]: Could not find aptitude. Using apt-get instead

2019-11-12 11:21:00,439 p=29136 u=vagrant |  changed: [debianlocal]
2019-11-12 11:21:00,852 p=29136 u=vagrant |  TASK [nginx : Replace nginx.conf] ************************************************************************************************************************************************************
2019-11-12 11:21:08,157 p=29136 u=vagrant |  changed: [debianlocal]
2019-11-12 11:21:08,168 p=29136 u=vagrant |  RUNNING HANDLER [nginx : nginx systemd] ******************************************************************************************************************************************************
2019-11-12 11:21:14,978 p=29136 u=vagrant |  changed: [debianlocal]
2019-11-12 11:21:15,060 p=29136 u=vagrant |  PLAY RECAP ***********************************************************************************************************************************************************************************
2019-11-12 11:21:15,063 p=29136 u=vagrant |  centoslocal                : ok=5    changed=4    unreachable=0    failed=0    skipped=1    rescued=0    ignored=0   
2019-11-12 11:21:15,066 p=29136 u=vagrant |  debianlocal                : ok=4    changed=3    unreachable=0    failed=0    skipped=1    rescued=0    ignored=0   
2019-11-12 11:21:33,984 p=30610 u=vagrant |  PLAY [redhat_servers] ************************************************************************************************************************************************************************
2019-11-12 11:21:34,301 p=30610 u=vagrant |  TASK [Gathering Facts] ***********************************************************************************************************************************************************************
2019-11-12 11:22:28,541 p=30610 u=vagrant |  ok: [centoslocal]
2019-11-12 11:22:28,907 p=30610 u=vagrant |  TASK [control : Start nginx] *****************************************************************************************************************************************************************
2019-11-12 11:22:53,889 p=30610 u=vagrant |  ok: [centoslocal]
2019-11-12 11:22:54,232 p=30610 u=vagrant |  TASK [control : Enable nginx for autostartup] ************************************************************************************************************************************************
2019-11-12 11:23:15,347 p=30610 u=vagrant |  ok: [centoslocal]
2019-11-12 11:23:15,507 p=30610 u=vagrant |  PLAY [debian_servers] ************************************************************************************************************************************************************************
2019-11-12 11:23:15,706 p=30610 u=vagrant |  TASK [Gathering Facts] ***********************************************************************************************************************************************************************
2019-11-12 11:23:26,396 p=30610 u=vagrant |  ok: [debianlocal]
2019-11-12 11:23:26,787 p=30610 u=vagrant |  TASK [control : Start nginx] *****************************************************************************************************************************************************************
2019-11-12 11:23:31,900 p=30610 u=vagrant |  ok: [debianlocal]
2019-11-12 11:23:32,345 p=30610 u=vagrant |  TASK [control : Enable nginx for autostartup] ************************************************************************************************************************************************
2019-11-12 11:23:37,624 p=30610 u=vagrant |  ok: [debianlocal]
2019-11-12 11:23:37,707 p=30610 u=vagrant |  PLAY RECAP ***********************************************************************************************************************************************************************************
2019-11-12 11:23:37,708 p=30610 u=vagrant |  centoslocal                : ok=3    changed=0    unreachable=0    failed=0    skipped=0    rescued=0    ignored=0   
2019-11-12 11:23:37,710 p=30610 u=vagrant |  debianlocal                : ok=3    changed=0    unreachable=0    failed=0    skipped=0    rescued=0    ignored=0   
2019-11-12 11:23:56,245 p=31034 u=vagrant |  PLAY [redhat_servers] ************************************************************************************************************************************************************************
2019-11-12 11:23:56,550 p=31034 u=vagrant |  TASK [Gathering Facts] ***********************************************************************************************************************************************************************
2019-11-12 11:24:45,126 p=31034 u=vagrant |  ok: [centoslocal]
2019-11-12 11:24:45,568 p=31034 u=vagrant |  TASK [control : Stop nginx] ******************************************************************************************************************************************************************
2019-11-12 11:25:16,938 p=31034 u=vagrant |  changed: [centoslocal]
2019-11-12 11:25:17,263 p=31034 u=vagrant |  TASK [control : Disable nginx for autostartup] ***********************************************************************************************************************************************
2019-11-12 11:25:43,502 p=31034 u=vagrant |  changed: [centoslocal]
2019-11-12 11:25:43,717 p=31034 u=vagrant |  PLAY [debian_servers] ************************************************************************************************************************************************************************
2019-11-12 11:25:43,931 p=31034 u=vagrant |  TASK [Gathering Facts] ***********************************************************************************************************************************************************************
2019-11-12 11:25:56,070 p=31034 u=vagrant |  ok: [debianlocal]
2019-11-12 11:25:56,497 p=31034 u=vagrant |  TASK [control : Stop nginx] ******************************************************************************************************************************************************************
2019-11-12 11:26:01,987 p=31034 u=vagrant |  changed: [debianlocal]
2019-11-12 11:26:02,393 p=31034 u=vagrant |  TASK [control : Disable nginx for autostartup] ***********************************************************************************************************************************************
2019-11-12 11:26:13,352 p=31034 u=vagrant |  changed: [debianlocal]
2019-11-12 11:26:13,378 p=31034 u=vagrant |  PLAY RECAP ***********************************************************************************************************************************************************************************
2019-11-12 11:26:13,380 p=31034 u=vagrant |  centoslocal                : ok=3    changed=2    unreachable=0    failed=0    skipped=0    rescued=0    ignored=0   
2019-11-12 11:26:13,382 p=31034 u=vagrant |  debianlocal                : ok=3    changed=2    unreachable=0    failed=0    skipped=0    rescued=0    ignored=0   
2019-11-12 11:26:31,487 p=31506 u=vagrant |  PLAY [redhat_servers] ************************************************************************************************************************************************************************
2019-11-12 11:26:31,787 p=31506 u=vagrant |  TASK [Installing packages on Redhat Servers] *************************************************************************************************************************************************
2019-11-12 11:27:47,719 p=31506 u=vagrant |  changed: [centoslocal] => (item=zip)
2019-11-12 11:28:42,842 p=31506 u=vagrant |  changed: [centoslocal] => (item=unzip)
2019-11-12 11:28:54,646 p=31506 u=vagrant |  ok: [centoslocal] => (item=gzip)
2019-11-12 11:30:01,012 p=31506 u=vagrant |  changed: [centoslocal] => (item=nano)
2019-11-12 11:30:01,305 p=31506 u=vagrant |  TASK [Removing packages on Redhat Servers] ***************************************************************************************************************************************************
2019-11-12 11:30:28,715 p=31506 u=vagrant |  changed: [centoslocal] => (item=unzip)
2019-11-12 11:30:58,730 p=31506 u=vagrant |  changed: [centoslocal] => (item=nano)
2019-11-12 11:30:59,018 p=31506 u=vagrant |  PLAY [debian_servers] ************************************************************************************************************************************************************************
2019-11-12 11:30:59,140 p=31506 u=vagrant |  TASK [Installing packages on Debian Servers] *************************************************************************************************************************************************
2019-11-12 11:32:31,886 p=31506 u=vagrant |  changed: [debianlocal] => (item=zip)
2019-11-12 11:33:23,687 p=31506 u=vagrant |  ok: [debianlocal] => (item=unzip)
2019-11-12 11:34:07,933 p=31506 u=vagrant |  ok: [debianlocal] => (item=gzip)
2019-11-12 11:35:24,056 p=31506 u=vagrant |  changed: [debianlocal] => (item=nano)
2019-11-12 11:35:24,183 p=31506 u=vagrant |   [WARNING]: Platform linux on host debianlocal is using the discovered Python interpreter at /usr/bin/python, but future installation of another Python interpreter could change this. See
https://docs.ansible.com/ansible/2.8/reference_appendices/interpreter_discovery.html for more information.

2019-11-12 11:35:24,301 p=31506 u=vagrant |  TASK [Removing packages on Debian Servers] ***************************************************************************************************************************************************
2019-11-12 11:36:17,145 p=31506 u=vagrant |  changed: [debianlocal] => (item=unzip)
2019-11-12 11:37:12,847 p=31506 u=vagrant |  changed: [debianlocal] => (item=nano)
2019-11-12 11:37:12,884 p=31506 u=vagrant |  PLAY RECAP ***********************************************************************************************************************************************************************************
2019-11-12 11:37:12,915 p=31506 u=vagrant |  centoslocal                : ok=2    changed=2    unreachable=0    failed=0    skipped=0    rescued=0    ignored=0   
2019-11-12 11:37:12,920 p=31506 u=vagrant |  debianlocal                : ok=2    changed=2    unreachable=0    failed=0    skipped=0    rescued=0    ignored=0   
2019-11-12 11:37:33,237 p=683 u=vagrant |  PLAY [redhat_servers] ************************************************************************************************************************************************************************
2019-11-12 11:37:33,660 p=683 u=vagrant |  TASK [Removing packages on Redhat Servers from vars] *****************************************************************************************************************************************
2019-11-12 11:38:31,043 p=683 u=vagrant |  ok: [centoslocal] => (item=unzip)
2019-11-12 11:39:08,041 p=683 u=vagrant |  changed: [centoslocal] => (item=zip)
2019-11-12 11:39:08,325 p=683 u=vagrant |  PLAY [debian_servers] ************************************************************************************************************************************************************************
2019-11-12 11:39:08,366 p=683 u=vagrant |  PLAY RECAP ***********************************************************************************************************************************************************************************
2019-11-12 11:39:08,367 p=683 u=vagrant |  centoslocal                : ok=1    changed=1    unreachable=0    failed=0    skipped=0    rescued=0    ignored=0   
2019-11-12 11:39:26,123 p=1034 u=vagrant |  PLAY [redhat_servers] ************************************************************************************************************************************************************************
2019-11-12 11:39:26,358 p=1034 u=vagrant |  TASK [Installing packages on Redhat Servers from vars] ***************************************************************************************************************************************
2019-11-12 11:40:47,584 p=1034 u=vagrant |  changed: [centoslocal] => (item=unzip)
2019-11-12 11:41:42,418 p=1034 u=vagrant |  changed: [centoslocal] => (item=zip)
2019-11-12 11:42:31,208 p=1034 u=vagrant |  changed: [centoslocal] => (item=nano)
2019-11-12 11:42:31,507 p=1034 u=vagrant |  PLAY [debian_servers] ************************************************************************************************************************************************************************
2019-11-12 11:42:31,611 p=1034 u=vagrant |  PLAY RECAP ***********************************************************************************************************************************************************************************
2019-11-12 11:42:31,612 p=1034 u=vagrant |  centoslocal                : ok=1    changed=1    unreachable=0    failed=0    skipped=0    rescued=0    ignored=0   
